[    2435ms] [WARNING] A preload for 'https://indicus.in/wp-content/themes/indicus/fonts/Cera-Pro-Regular.woff2' is found, but is not used because the request credentials mode does not match. Consider taking a look at crossorigin attribute. @ https://indicus.in/:29
[    2435ms] [WARNING] A preload for 'https://indicus.in/wp-content/themes/indicus/fonts/Cera-Pro-Regular.woff' is found, but is not used because the request credentials mode does not match. Consider taking a look at crossorigin attribute. @ https://indicus.in/:29
[    2436ms] [WARNING] A preload for 'https://indicus.in/wp-content/themes/indicus/fonts/Cera-Pro-Medium.woff2' is found, but is not used because the request credentials mode does not match. Consider taking a look at crossorigin attribute. @ https://indicus.in/:29
[    2436ms] [WARNING] A preload for 'https://indicus.in/wp-content/themes/indicus/fonts/Cera-Pro-Medium.woff' is found, but is not used because the request credentials mode does not match. Consider taking a look at crossorigin attribute. @ https://indicus.in/:29
[    2436ms] [WARNING] A preload for 'https://indicus.in/wp-content/themes/indicus/fonts/Cera-Pro-Bold.woff2' is found, but is not used because the request credentials mode does not match. Consider taking a look at crossorigin attribute. @ https://indicus.in/:29
[    2436ms] [WARNING] A preload for 'https://indicus.in/wp-content/themes/indicus/fonts/Cera-Pro-Bold.woff' is found, but is not used because the request credentials mode does not match. Consider taking a look at crossorigin attribute. @ https://indicus.in/:29
[    2436ms] [WARNING] A preload for 'https://indicus.in/wp-content/themes/indicus/fonts/Cera-Pro-Black.woff2' is found, but is not used because the request credentials mode does not match. Consider taking a look at crossorigin attribute. @ https://indicus.in/:29
[    2437ms] [WARNING] A preload for 'https://indicus.in/wp-content/themes/indicus/fonts/Cera-Pro-Black.woff' is found, but is not used because the request credentials mode does not match. Consider taking a look at crossorigin attribute. @ https://indicus.in/:29
[    4929ms] [ERROR] Failed to load resource: the server responded with a status of 400 () @ https://indicus.in/wp-admin/admin-ajax.php:0
[   10915ms] [WARNING] The resource https://indicus.in/wp-content/themes/indicus/fonts/Cera-Pro-Medium.woff2 was preloaded using link preload but not used within a few seconds from the window's load event. Please make sure it has an appropriate `as` value and it is preloaded intentionally. @ https://indicus.in/:0
[   10915ms] [WARNING] The resource https://indicus.in/wp-content/themes/indicus/fonts/Cera-Pro-Bold.woff2 was preloaded using link preload but not used within a few seconds from the window's load event. Please make sure it has an appropriate `as` value and it is preloaded intentionally. @ https://indicus.in/:0
[   10915ms] [WARNING] The resource https://indicus.in/wp-content/themes/indicus/fonts/Cera-Pro-Bold.woff was preloaded using link preload but not used within a few seconds from the window's load event. Please make sure it has an appropriate `as` value and it is preloaded intentionally. @ https://indicus.in/:0
[   10915ms] [WARNING] The resource https://indicus.in/wp-content/themes/indicus/fonts/Cera-Pro-Medium.woff was preloaded using link preload but not used within a few seconds from the window's load event. Please make sure it has an appropriate `as` value and it is preloaded intentionally. @ https://indicus.in/:0
[   10915ms] [WARNING] The resource https://indicus.in/wp-content/uploads/2024/02/indicus-glaz-product.webp was preloaded using link preload but not used within a few seconds from the window's load event. Please make sure it has an appropriate `as` value and it is preloaded intentionally. @ https://indicus.in/:0
[   10915ms] [WARNING] The resource https://indicus.in/wp-content/uploads/2024/02/visualise-bg.webp was preloaded using link preload but not used within a few seconds from the window's load event. Please make sure it has an appropriate `as` value and it is preloaded intentionally. @ https://indicus.in/:0
[   10915ms] [WARNING] The resource https://indicus.in/wp-content/uploads/2024/02/desktop_hero-section.webp was preloaded using link preload but not used within a few seconds from the window's load event. Please make sure it has an appropriate `as` value and it is preloaded intentionally. @ https://indicus.in/:0
[   10915ms] [WARNING] The resource https://indicus.in/wp-content/themes/indicus/fonts/Cera-Pro-Regular.woff was preloaded using link preload but not used within a few seconds from the window's load event. Please make sure it has an appropriate `as` value and it is preloaded intentionally. @ https://indicus.in/:0
[   10915ms] [WARNING] The resource https://cdnjs.cloudflare.com/ajax/libs/gsap/3.8.0/ScrollTrigger.min.js was preloaded using link preload but not used within a few seconds from the window's load event. Please make sure it has an appropriate `as` value and it is preloaded intentionally. @ https://indicus.in/:0
[   10915ms] [WARNING] The resource https://indicus.in/wp-content/themes/indicus/fonts/Cera-Pro-Regular.woff2 was preloaded using link preload but not used within a few seconds from the window's load event. Please make sure it has an appropriate `as` value and it is preloaded intentionally. @ https://indicus.in/:0
[   10915ms] [WARNING] The resource https://indicus.in/wp-content/themes/indicus/fonts/Cera-Pro-Black.woff was preloaded using link preload but not used within a few seconds from the window's load event. Please make sure it has an appropriate `as` value and it is preloaded intentionally. @ https://indicus.in/:0
[   10915ms] [WARNING] The resource https://indicus.in/wp-content/uploads/2024/02/test-1.webp was preloaded using link preload but not used within a few seconds from the window's load event. Please make sure it has an appropriate `as` value and it is preloaded intentionally. @ https://indicus.in/:0
[   10915ms] [WARNING] The resource https://cdnjs.cloudflare.com/ajax/libs/gsap/3.8.0/gsap.min.js was preloaded using link preload but not used within a few seconds from the window's load event. Please make sure it has an appropriate `as` value and it is preloaded intentionally. @ https://indicus.in/:0
[   10915ms] [WARNING] The resource https://indicus.in/wp-content/uploads/2024/02/wallpaperdesktop.webp was preloaded using link preload but not used within a few seconds from the window's load event. Please make sure it has an appropriate `as` value and it is preloaded intentionally. @ https://indicus.in/:0
[   10915ms] [WARNING] The resource https://indicus.in/wp-content/themes/indicus/fonts/Cera-Pro-Black.woff2 was preloaded using link preload but not used within a few seconds from the window's load event. Please make sure it has an appropriate `as` value and it is preloaded intentionally. @ https://indicus.in/:0
